
 /----------------------------------------------------------------------------\
 |                                                                            |
 |  yosys -- Yosys Open SYnthesis Suite                                       |
 |                                                                            |
 |  Copyright (C) 2012 - 2020  Claire Xenia Wolf <claire@yosyshq.com>         |
 |                                                                            |
 |  Permission to use, copy, modify, and/or distribute this software for any  |
 |  purpose with or without fee is hereby granted, provided that the above    |
 |  copyright notice and this permission notice appear in all copies.         |
 |                                                                            |
 |  THE SOFTWARE IS PROVIDED "AS IS" AND THE AUTHOR DISCLAIMS ALL WARRANTIES  |
 |  WITH REGARD TO THIS SOFTWARE INCLUDING ALL IMPLIED WARRANTIES OF          |
 |  MERCHANTABILITY AND FITNESS. IN NO EVENT SHALL THE AUTHOR BE LIABLE FOR   |
 |  ANY SPECIAL, DIRECT, INDIRECT, OR CONSEQUENTIAL DAMAGES OR ANY DAMAGES    |
 |  WHATSOEVER RESULTING FROM LOSS OF USE, DATA OR PROFITS, WHETHER IN AN     |
 |  ACTION OF CONTRACT, NEGLIGENCE OR OTHER TORTIOUS ACTION, ARISING OUT OF   |
 |  OR IN CONNECTION WITH THE USE OR PERFORMANCE OF THIS SOFTWARE.            |
 |                                                                            |
 \----------------------------------------------------------------------------/

 Yosys 0.36+3 (git sha1 a53032104, clang 10.0.0-4ubuntu1 -fPIC -Os)


-- Executing script file `design_prep.ys' --

1. Executing RTLIL frontend.
Input filename: design.il

2. Executing SCC pass (detecting logic loops).
Found 0 SCCs in module top_2.
Found 0 SCCs in module top_1.
Found 0 SCCs in module top.
Found 0 SCCs.

3. Executing SIMPLEMAP pass (map simple cells to gate primitives).

4. Executing MEMORY_NORDFF pass (extracting $dff cells from memories).

5. Executing CLK2FFLOGIC pass (convert clocked FFs to generic $ff cells).
Replacing top.$procdff$16 ($dff): CLK=\clk, D=1'1, Q=$formal$top.v:9$1_EN
Replacing top.$procdff$15 ($dff): CLK=\clk, D=$0$formal$top.v:9$1_CHECK[0:0]$3, Q=$formal$top.v:9$1_CHECK

6. Executing OPT_CLEAN pass (remove unused cells and wires).
Finding unused cells or wires in module \top_2..
Finding unused cells or wires in module \top_1..
Finding unused cells or wires in module \top..
Removed 0 unused cells and 2 unused wires.
<suppressed ~1 debug messages>

7. Executing FORMALFF pass.

8. Executing OPT_CLEAN pass (remove unused cells and wires).
Finding unused cells or wires in module \top..
Finding unused cells or wires in module \top_1..
Finding unused cells or wires in module \top_2..

9. Executing CHECK pass (checking for obvious problems).
Checking module top...
Checking module top_1...
Checking module top_2...
Found and reported 0 problems.

10. Executing SETUNDEF pass (replace undef values with defined constants).

11. Executing OPT pass (performing simple optimizations).

11.1. Executing OPT_EXPR pass (perform const folding).
Optimizing module top.
Optimizing module top_1.
Optimizing module top_2.
<suppressed ~1 debug messages>

11.2. Executing OPT_MERGE pass (detect identical cells).
Finding identical cells in module `\top'.
<suppressed ~6 debug messages>
Finding identical cells in module `\top_1'.
Finding identical cells in module `\top_2'.
Removed a total of 2 cells.

11.3. Executing OPT_DFF pass (perform DFF optimizations).

11.4. Executing OPT_CLEAN pass (remove unused cells and wires).
Finding unused cells or wires in module \top..
Finding unused cells or wires in module \top_1..
Finding unused cells or wires in module \top_2..
Removed 0 unused cells and 2 unused wires.
<suppressed ~1 debug messages>

11.5. Finished fast OPT passes.

12. Executing OPT_CLEAN pass (remove unused cells and wires).
Finding unused cells or wires in module \top..
Finding unused cells or wires in module \top_1..
Finding unused cells or wires in module \top_2..

13. Executing RTLIL backend.
Output filename: ../model/design_prep.il

End of script. Logfile hash: 333f933079, CPU: user 0.00s system 0.02s, MEM: 11.35 MB peak
Yosys 0.36+3 (git sha1 a53032104, clang 10.0.0-4ubuntu1 -fPIC -Os)
Time spent: 26% 4x opt_clean (0 sec), 12% 1x opt_expr (0 sec), ...
